<?xml version="1.0" encoding="UTF-8"?>
<!-- Generated by org.testng.reporters.JUnitXMLReporter -->
<testsuite ignored="0" hostname="DESKTOP-5858I79" failures="0" tests="2" name="Default test" time="0.188" errors="0" timestamp="2019-09-05T17:46:59 IST">
  <testcase classname="global.coda.hopsitalmanagement.svc.services.PatientsTest" name="testCreatepatients" time="0.08"/>
  <testcase classname="global.coda.hopsitalmanagement.svc.services.PatientsTest" name="testReadpatients" time="0.0"/>
</testsuite> <!-- Default test -->
