<?xml version="1.0" encoding="UTF-8"?>
<testng-results ignored="0" total="2" passed="2" failed="0" skipped="0">
  <reporter-output>
  </reporter-output>
  <suite started-at="2019-09-05T17:46:59 IST" name="Default suite" finished-at="2019-09-05T17:46:59 IST" duration-ms="188">
    <groups>
    </groups>
    <test started-at="2019-09-05T17:46:59 IST" name="Default test" finished-at="2019-09-05T17:46:59 IST" duration-ms="188">
      <class name="global.coda.hopsitalmanagement.svc.services.PatientsTest">
        <test-method signature="testCreatepatients()[pri:0, instance:global.coda.hopsitalmanagement.svc.services.PatientsTest@6ab7a896]" started-at="2019-09-05T17:46:59 IST" name="testCreatepatients" finished-at="2019-09-05T17:46:59 IST" duration-ms="80" status="PASS">
          <reporter-output>
          </reporter-output>
        </test-method> <!-- testCreatepatients -->
        <test-method signature="testReadpatients()[pri:0, instance:global.coda.hopsitalmanagement.svc.services.PatientsTest@6ab7a896]" started-at="2019-09-05T17:46:59 IST" name="testReadpatients" finished-at="2019-09-05T17:46:59 IST" duration-ms="0" status="PASS">
          <reporter-output>
          </reporter-output>
        </test-method> <!-- testReadpatients -->
      </class> <!-- global.coda.hopsitalmanagement.svc.services.PatientsTest -->
    </test> <!-- Default test -->
  </suite> <!-- Default suite -->
</testng-results>
